<?xml version="1.0" encoding="UTF-8"?>
<!-- Generated by org.testng.reporters.JUnitXMLReporter -->
<testsuite ignored="0" hostname="LAPTOP-5KMFOFH9" failures="0" tests="4" name="Default test" time="5.921" errors="0" timestamp="2024-12-10T14:52:52 IST">
  <testcase classname="com.TestCases.IndexPageTest" name="validateCategories" time="0.067"/>
  <testcase classname="com.TestCases.IndexPageTest" name="validateAllProducts" time="0.475"/>
  <testcase classname="com.TestCases.IndexPageTest" name="addProductToCart" time="0.384"/>
  <testcase classname="com.TestCases.IndexPageTest" name="validateLaunchOfCartPage" time="0.82"/>
</testsuite> <!-- Default test -->
