<?xml version="1.0" encoding="UTF-8"?>
<!-- Generated by org.testng.reporters.JUnitXMLReporter -->
<testsuite ignored="0" hostname="MSI" failures="0" tests="4" name="IndexTest" time="4.964" errors="0" timestamp="2025-06-12T11:18:03 IST">
  <testcase classname="com.TestCases.IndexPageTest" name="validateCategories" time="0.061"/>
  <testcase classname="com.TestCases.IndexPageTest" name="validateAllProducts" time="0.496"/>
  <testcase classname="com.TestCases.IndexPageTest" name="addProductToCart" time="0.202"/>
  <testcase classname="com.TestCases.IndexPageTest" name="validateLaunchOfCartPage" time="0.955"/>
</testsuite> <!-- IndexTest -->
